<?xml version="1.0" encoding="UTF-8"?>
<!-- Generated by org.testng.reporters.JUnitXMLReporter -->
<testsuite hostname="BDC6-DX-J0H7T72" ignored="0" name="Default test" tests="4" failures="0" timestamp="24 Jul 2019 07:05:10 GMT" time="96.951" errors="0">
  <testcase name="signup" time="31.749" classname="com.text.CaseStudy"/>
  <testcase name="login" time="3.455" classname="com.text.CaseStudy"/>
  <testcase name="testCart" time="3.972" classname="com.text.CaseStudy"/>
  <testcase name="testPayment" time="12.693" classname="com.text.CaseStudy"/>
</testsuite> <!-- Default test -->
